{"C:\\Users\\nickz\\Downloads\\_CSC 308\\CSC 308 Project\\blog-website\\backend\\models\\CommentHandler.js": {"path":"C:\\Users\\nickz\\Downloads\\_CSC 308\\CSC 308 Project\\blog-website\\backend\\models\\CommentHandler.js","statementMap":{"0":{"start":{"line":1,"column":24},"end":{"line":1,"column":52}},"1":{"start":{"line":2,"column":22},"end":{"line":2,"column":48}},"2":{"start":{"line":3,"column":19},"end":{"line":3,"column":42}},"3":{"start":{"line":4,"column":23},"end":{"line":4,"column":38}},"4":{"start":{"line":6,"column":17},"end":{"line":8,"column":1}},"5":{"start":{"line":7,"column":1},"end":{"line":7,"column":17}},"6":{"start":{"line":12,"column":12},"end":{"line":12,"column":51}},"7":{"start":{"line":13,"column":22},"end":{"line":13,"column":56}},"8":{"start":{"line":15,"column":14},"end":{"line":15,"column":39}},"9":{"start":{"line":16,"column":1},"end":{"line":16,"column":15}},"10":{"start":{"line":21,"column":12},"end":{"line":21,"column":51}},"11":{"start":{"line":22,"column":22},"end":{"line":22,"column":56}},"12":{"start":{"line":23,"column":19},"end":{"line":23,"column":47}},"13":{"start":{"line":25,"column":1},"end":{"line":25,"column":37}},"14":{"start":{"line":28,"column":2},"end":{"line":36,"column":2}},"15":{"start":{"line":38,"column":16},"end":{"line":38,"column":39}},"16":{"start":{"line":39,"column":1},"end":{"line":39,"column":15}},"17":{"start":{"line":44,"column":12},"end":{"line":44,"column":51}},"18":{"start":{"line":45,"column":22},"end":{"line":45,"column":56}},"19":{"start":{"line":47,"column":16},"end":{"line":47,"column":56}},"20":{"start":{"line":48,"column":1},"end":{"line":48,"column":15}},"21":{"start":{"line":53,"column":12},"end":{"line":53,"column":51}},"22":{"start":{"line":54,"column":22},"end":{"line":54,"column":56}},"23":{"start":{"line":56,"column":17},"end":{"line":59,"column":2}},"24":{"start":{"line":61,"column":1},"end":{"line":61,"column":16}},"25":{"start":{"line":66,"column":12},"end":{"line":66,"column":51}},"26":{"start":{"line":67,"column":22},"end":{"line":67,"column":56}},"27":{"start":{"line":69,"column":1},"end":{"line":69,"column":42}},"28":{"start":{"line":70,"column":1},"end":{"line":70,"column":10}},"29":{"start":{"line":73,"column":0},"end":{"line":79,"column":1}}},"fnMap":{"0":{"name":"(anonymous_0)","decl":{"start":{"line":6,"column":17},"end":{"line":6,"column":18}},"loc":{"start":{"line":6,"column":23},"end":{"line":8,"column":1}},"line":6},"1":{"name":"getAllComments","decl":{"start":{"line":11,"column":15},"end":{"line":11,"column":29}},"loc":{"start":{"line":11,"column":32},"end":{"line":17,"column":1}},"line":11},"2":{"name":"createComment","decl":{"start":{"line":20,"column":15},"end":{"line":20,"column":28}},"loc":{"start":{"line":20,"column":38},"end":{"line":40,"column":1}},"line":20},"3":{"name":"getCommentById","decl":{"start":{"line":43,"column":15},"end":{"line":43,"column":29}},"loc":{"start":{"line":43,"column":34},"end":{"line":49,"column":1}},"line":43},"4":{"name":"updateCommentById","decl":{"start":{"line":52,"column":15},"end":{"line":52,"column":32}},"loc":{"start":{"line":52,"column":50},"end":{"line":62,"column":1}},"line":52},"5":{"name":"deleteCommentById","decl":{"start":{"line":65,"column":15},"end":{"line":65,"column":32}},"loc":{"start":{"line":65,"column":37},"end":{"line":71,"column":1}},"line":65}},"branchMap":{},"s":{"0":1,"1":1,"2":1,"3":1,"4":1,"5":1,"6":3,"7":3,"8":3,"9":3,"10":1,"11":1,"12":1,"13":1,"14":1,"15":1,"16":1,"17":2,"18":2,"19":2,"20":2,"21":1,"22":1,"23":1,"24":1,"25":1,"26":1,"27":1,"28":1,"29":1},"f":{"0":1,"1":3,"2":1,"3":2,"4":1,"5":1},"b":{},"_coverageSchema":"1a1c01bbd47fc00a2c39e90264f33305004495a9","hash":"66966dd0b65f09eb9466946a361f1bae5bdb2905"}
,"C:\\Users\\nickz\\Downloads\\_CSC 308\\CSC 308 Project\\blog-website\\backend\\models\\CommentSchema.js": {"path":"C:\\Users\\nickz\\Downloads\\_CSC 308\\CSC 308 Project\\blog-website\\backend\\models\\CommentSchema.js","statementMap":{"0":{"start":{"line":1,"column":17},"end":{"line":1,"column":36}},"1":{"start":{"line":4,"column":22},"end":{"line":33,"column":2}},"2":{"start":{"line":19,"column":29},"end":{"line":19,"column":46}},"3":{"start":{"line":23,"column":24},"end":{"line":23,"column":41}},"4":{"start":{"line":35,"column":0},"end":{"line":35,"column":31}}},"fnMap":{"0":{"name":"(anonymous_0)","decl":{"start":{"line":19,"column":16},"end":{"line":19,"column":17}},"loc":{"start":{"line":19,"column":27},"end":{"line":19,"column":48}},"line":19},"1":{"name":"(anonymous_1)","decl":{"start":{"line":23,"column":11},"end":{"line":23,"column":12}},"loc":{"start":{"line":23,"column":22},"end":{"line":23,"column":43}},"line":23}},"branchMap":{},"s":{"0":1,"1":1,"2":11,"3":11,"4":1},"f":{"0":11,"1":11},"b":{},"_coverageSchema":"1a1c01bbd47fc00a2c39e90264f33305004495a9","hash":"e6060d40373fb8df18b77d7bdfa1e916221211da"}
,"C:\\Users\\nickz\\Downloads\\_CSC 308\\CSC 308 Project\\blog-website\\backend\\models\\DatabaseHandler.js": {"path":"C:\\Users\\nickz\\Downloads\\_CSC 308\\CSC 308 Project\\blog-website\\backend\\models\\DatabaseHandler.js","statementMap":{"0":{"start":{"line":1,"column":17},"end":{"line":1,"column":36}},"1":{"start":{"line":2,"column":15},"end":{"line":2,"column":32}},"2":{"start":{"line":3,"column":0},"end":{"line":3,"column":16}},"3":{"start":{"line":9,"column":2},"end":{"line":9,"column":25}},"4":{"start":{"line":10,"column":2},"end":{"line":10,"column":22}},"5":{"start":{"line":14,"column":18},"end":{"line":14,"column":42}},"6":{"start":{"line":15,"column":1},"end":{"line":20,"column":2}},"7":{"start":{"line":16,"column":2},"end":{"line":19,"column":5}},"8":{"start":{"line":21,"column":1},"end":{"line":21,"column":58}},"9":{"start":{"line":22,"column":1},"end":{"line":22,"column":21}},"10":{"start":{"line":25,"column":0},"end":{"line":28,"column":1}}},"fnMap":{"0":{"name":"setConnection","decl":{"start":{"line":8,"column":9},"end":{"line":8,"column":22}},"loc":{"start":{"line":8,"column":31},"end":{"line":11,"column":1}},"line":8},"1":{"name":"getDbConnection","decl":{"start":{"line":13,"column":9},"end":{"line":13,"column":24}},"loc":{"start":{"line":13,"column":27},"end":{"line":23,"column":1}},"line":13}},"branchMap":{"0":{"loc":{"start":{"line":15,"column":1},"end":{"line":20,"column":2}},"type":"if","locations":[{"start":{"line":15,"column":1},"end":{"line":20,"column":2}},{"start":{},"end":{}}],"line":15}},"s":{"0":4,"1":4,"2":4,"3":4,"4":4,"5":38,"6":38,"7":0,"8":38,"9":38,"10":4},"f":{"0":4,"1":38},"b":{"0":[0,38]},"_coverageSchema":"1a1c01bbd47fc00a2c39e90264f33305004495a9","hash":"3988d4a912c871d854e44e4ee3cf0a9c8ee6db30"}
,"C:\\Users\\nickz\\Downloads\\_CSC 308\\CSC 308 Project\\blog-website\\backend\\models\\PostHandler.js": {"path":"C:\\Users\\nickz\\Downloads\\_CSC 308\\CSC 308 Project\\blog-website\\backend\\models\\PostHandler.js","statementMap":{"0":{"start":{"line":1,"column":24},"end":{"line":1,"column":52}},"1":{"start":{"line":2,"column":19},"end":{"line":2,"column":42}},"2":{"start":{"line":4,"column":23},"end":{"line":4,"column":38}},"3":{"start":{"line":6,"column":17},"end":{"line":8,"column":1}},"4":{"start":{"line":7,"column":1},"end":{"line":7,"column":17}},"5":{"start":{"line":12,"column":12},"end":{"line":12,"column":51}},"6":{"start":{"line":13,"column":19},"end":{"line":13,"column":47}},"7":{"start":{"line":14,"column":14},"end":{"line":14,"column":36}},"8":{"start":{"line":15,"column":1},"end":{"line":15,"column":15}},"9":{"start":{"line":20,"column":12},"end":{"line":20,"column":51}},"10":{"start":{"line":21,"column":19},"end":{"line":21,"column":47}},"11":{"start":{"line":23,"column":16},"end":{"line":23,"column":37}},"12":{"start":{"line":26,"column":2},"end":{"line":41,"column":3}},"13":{"start":{"line":43,"column":16},"end":{"line":43,"column":36}},"14":{"start":{"line":45,"column":1},"end":{"line":45,"column":15}},"15":{"start":{"line":50,"column":12},"end":{"line":50,"column":51}},"16":{"start":{"line":51,"column":20},"end":{"line":51,"column":48}},"17":{"start":{"line":53,"column":14},"end":{"line":53,"column":51}},"18":{"start":{"line":54,"column":2},"end":{"line":54,"column":14}},"19":{"start":{"line":59,"column":12},"end":{"line":59,"column":51}},"20":{"start":{"line":60,"column":19},"end":{"line":60,"column":47}},"21":{"start":{"line":62,"column":14},"end":{"line":64,"column":3}},"22":{"start":{"line":66,"column":1},"end":{"line":66,"column":13}},"23":{"start":{"line":71,"column":12},"end":{"line":71,"column":51}},"24":{"start":{"line":72,"column":19},"end":{"line":72,"column":47}},"25":{"start":{"line":74,"column":1},"end":{"line":74,"column":39}},"26":{"start":{"line":75,"column":1},"end":{"line":75,"column":10}},"27":{"start":{"line":81,"column":12},"end":{"line":81,"column":51}},"28":{"start":{"line":82,"column":19},"end":{"line":82,"column":47}},"29":{"start":{"line":86,"column":1},"end":{"line":124,"column":2}},"30":{"start":{"line":87,"column":2},"end":{"line":87,"column":11}},"31":{"start":{"line":89,"column":19},"end":{"line":92,"column":3}},"32":{"start":{"line":94,"column":21},"end":{"line":97,"column":3}},"33":{"start":{"line":99,"column":2},"end":{"line":104,"column":3}},"34":{"start":{"line":100,"column":3},"end":{"line":103,"column":5}},"35":{"start":{"line":106,"column":2},"end":{"line":111,"column":3}},"36":{"start":{"line":107,"column":3},"end":{"line":110,"column":5}},"37":{"start":{"line":113,"column":22},"end":{"line":116,"column":3}},"38":{"start":{"line":118,"column":24},"end":{"line":121,"column":3}},"39":{"start":{"line":123,"column":2},"end":{"line":123,"column":38}},"40":{"start":{"line":128,"column":0},"end":{"line":135,"column":1}}},"fnMap":{"0":{"name":"(anonymous_0)","decl":{"start":{"line":6,"column":17},"end":{"line":6,"column":18}},"loc":{"start":{"line":6,"column":23},"end":{"line":8,"column":1}},"line":6},"1":{"name":"getAllPosts","decl":{"start":{"line":11,"column":15},"end":{"line":11,"column":26}},"loc":{"start":{"line":11,"column":29},"end":{"line":16,"column":1}},"line":11},"2":{"name":"createPost","decl":{"start":{"line":19,"column":15},"end":{"line":19,"column":25}},"loc":{"start":{"line":19,"column":32},"end":{"line":46,"column":1}},"line":19},"3":{"name":"getPostById","decl":{"start":{"line":49,"column":15},"end":{"line":49,"column":26}},"loc":{"start":{"line":49,"column":31},"end":{"line":55,"column":1}},"line":49},"4":{"name":"updatePostById","decl":{"start":{"line":58,"column":15},"end":{"line":58,"column":29}},"loc":{"start":{"line":58,"column":43},"end":{"line":67,"column":1}},"line":58},"5":{"name":"deletePostById","decl":{"start":{"line":70,"column":15},"end":{"line":70,"column":29}},"loc":{"start":{"line":70,"column":34},"end":{"line":76,"column":1}},"line":70},"6":{"name":"votePost","decl":{"start":{"line":80,"column":15},"end":{"line":80,"column":23}},"loc":{"start":{"line":80,"column":47},"end":{"line":126,"column":1}},"line":80}},"branchMap":{"0":{"loc":{"start":{"line":86,"column":1},"end":{"line":124,"column":2}},"type":"if","locations":[{"start":{"line":86,"column":1},"end":{"line":124,"column":2}},{"start":{"line":88,"column":8},"end":{"line":124,"column":2}}],"line":86},"1":{"loc":{"start":{"line":99,"column":2},"end":{"line":104,"column":3}},"type":"if","locations":[{"start":{"line":99,"column":2},"end":{"line":104,"column":3}},{"start":{},"end":{}}],"line":99},"2":{"loc":{"start":{"line":99,"column":6},"end":{"line":99,"column":48}},"type":"binary-expr","locations":[{"start":{"line":99,"column":6},"end":{"line":99,"column":16}},{"start":{"line":99,"column":20},"end":{"line":99,"column":48}}],"line":99},"3":{"loc":{"start":{"line":106,"column":2},"end":{"line":111,"column":3}},"type":"if","locations":[{"start":{"line":106,"column":2},"end":{"line":111,"column":3}},{"start":{},"end":{}}],"line":106},"4":{"loc":{"start":{"line":106,"column":5},"end":{"line":106,"column":50}},"type":"binary-expr","locations":[{"start":{"line":106,"column":5},"end":{"line":106,"column":16}},{"start":{"line":106,"column":20},"end":{"line":106,"column":50}}],"line":106}},"s":{"0":1,"1":1,"2":1,"3":1,"4":1,"5":3,"6":3,"7":3,"8":3,"9":1,"10":1,"11":1,"12":1,"13":1,"14":1,"15":2,"16":2,"17":2,"18":2,"19":2,"20":2,"21":2,"22":2,"23":2,"24":2,"25":2,"26":2,"27":3,"28":3,"29":3,"30":1,"31":2,"32":2,"33":2,"34":1,"35":2,"36":1,"37":2,"38":2,"39":2,"40":1},"f":{"0":1,"1":3,"2":1,"3":2,"4":2,"5":2,"6":3},"b":{"0":[1,2],"1":[1,1],"2":[2,1],"3":[1,1],"4":[2,1]},"_coverageSchema":"1a1c01bbd47fc00a2c39e90264f33305004495a9","hash":"55692302664846d4dd5b4ee2c0c8e84707f66cea"}
,"C:\\Users\\nickz\\Downloads\\_CSC 308\\CSC 308 Project\\blog-website\\backend\\models\\PostSchema.js": {"path":"C:\\Users\\nickz\\Downloads\\_CSC 308\\CSC 308 Project\\blog-website\\backend\\models\\PostSchema.js","statementMap":{"0":{"start":{"line":1,"column":17},"end":{"line":1,"column":36}},"1":{"start":{"line":4,"column":19},"end":{"line":102,"column":4}},"2":{"start":{"line":15,"column":24},"end":{"line":15,"column":41}},"3":{"start":{"line":72,"column":24},"end":{"line":72,"column":41}},"4":{"start":{"line":104,"column":0},"end":{"line":104,"column":28}}},"fnMap":{"0":{"name":"(anonymous_0)","decl":{"start":{"line":15,"column":11},"end":{"line":15,"column":12}},"loc":{"start":{"line":15,"column":22},"end":{"line":15,"column":43}},"line":15},"1":{"name":"(anonymous_1)","decl":{"start":{"line":72,"column":11},"end":{"line":72,"column":12}},"loc":{"start":{"line":72,"column":22},"end":{"line":72,"column":43}},"line":72}},"branchMap":{},"s":{"0":2,"1":2,"2":35,"3":35,"4":2},"f":{"0":35,"1":35},"b":{},"_coverageSchema":"1a1c01bbd47fc00a2c39e90264f33305004495a9","hash":"a6010f6e1d2e6a510cca746c5bad3c3180ca9cc4"}
,"C:\\Users\\nickz\\Downloads\\_CSC 308\\CSC 308 Project\\blog-website\\backend\\models\\TagHandler.js": {"path":"C:\\Users\\nickz\\Downloads\\_CSC 308\\CSC 308 Project\\blog-website\\backend\\models\\TagHandler.js","statementMap":{"0":{"start":{"line":1,"column":24},"end":{"line":1,"column":52}},"1":{"start":{"line":2,"column":18},"end":{"line":2,"column":40}},"2":{"start":{"line":4,"column":23},"end":{"line":4,"column":38}},"3":{"start":{"line":6,"column":17},"end":{"line":8,"column":1}},"4":{"start":{"line":7,"column":1},"end":{"line":7,"column":17}},"5":{"start":{"line":12,"column":12},"end":{"line":12,"column":51}},"6":{"start":{"line":13,"column":18},"end":{"line":13,"column":44}},"7":{"start":{"line":15,"column":17},"end":{"line":15,"column":38}},"8":{"start":{"line":16,"column":1},"end":{"line":16,"column":16}},"9":{"start":{"line":21,"column":12},"end":{"line":21,"column":51}},"10":{"start":{"line":22,"column":18},"end":{"line":22,"column":44}},"11":{"start":{"line":24,"column":15},"end":{"line":24,"column":36}},"12":{"start":{"line":27,"column":2},"end":{"line":32,"column":2}},"13":{"start":{"line":34,"column":16},"end":{"line":34,"column":35}},"14":{"start":{"line":35,"column":1},"end":{"line":35,"column":15}},"15":{"start":{"line":40,"column":12},"end":{"line":40,"column":51}},"16":{"start":{"line":41,"column":18},"end":{"line":41,"column":44}},"17":{"start":{"line":43,"column":13},"end":{"line":43,"column":49}},"18":{"start":{"line":44,"column":3},"end":{"line":44,"column":14}},"19":{"start":{"line":49,"column":12},"end":{"line":49,"column":51}},"20":{"start":{"line":50,"column":18},"end":{"line":50,"column":44}},"21":{"start":{"line":52,"column":20},"end":{"line":54,"column":3}},"22":{"start":{"line":56,"column":1},"end":{"line":56,"column":19}},"23":{"start":{"line":61,"column":12},"end":{"line":61,"column":51}},"24":{"start":{"line":62,"column":18},"end":{"line":62,"column":44}},"25":{"start":{"line":64,"column":1},"end":{"line":64,"column":38}},"26":{"start":{"line":65,"column":1},"end":{"line":65,"column":10}},"27":{"start":{"line":68,"column":0},"end":{"line":74,"column":1}}},"fnMap":{"0":{"name":"(anonymous_0)","decl":{"start":{"line":6,"column":17},"end":{"line":6,"column":18}},"loc":{"start":{"line":6,"column":23},"end":{"line":8,"column":1}},"line":6},"1":{"name":"getAllTags","decl":{"start":{"line":11,"column":15},"end":{"line":11,"column":25}},"loc":{"start":{"line":11,"column":28},"end":{"line":17,"column":1}},"line":11},"2":{"name":"createTag","decl":{"start":{"line":20,"column":15},"end":{"line":20,"column":24}},"loc":{"start":{"line":20,"column":29},"end":{"line":36,"column":1}},"line":20},"3":{"name":"getTagById","decl":{"start":{"line":39,"column":15},"end":{"line":39,"column":25}},"loc":{"start":{"line":39,"column":29},"end":{"line":45,"column":1}},"line":39},"4":{"name":"updateTagById","decl":{"start":{"line":48,"column":15},"end":{"line":48,"column":28}},"loc":{"start":{"line":48,"column":41},"end":{"line":57,"column":1}},"line":48},"5":{"name":"deleteTagById","decl":{"start":{"line":60,"column":15},"end":{"line":60,"column":28}},"loc":{"start":{"line":60,"column":33},"end":{"line":66,"column":1}},"line":60}},"branchMap":{},"s":{"0":1,"1":1,"2":1,"3":1,"4":1,"5":3,"6":3,"7":3,"8":3,"9":1,"10":1,"11":1,"12":1,"13":1,"14":1,"15":2,"16":2,"17":2,"18":2,"19":1,"20":1,"21":1,"22":1,"23":1,"24":1,"25":1,"26":1,"27":1},"f":{"0":1,"1":3,"2":1,"3":2,"4":1,"5":1},"b":{},"_coverageSchema":"1a1c01bbd47fc00a2c39e90264f33305004495a9","hash":"18fe59ced1a60c29dce73e3739a0a0855f5ca61c"}
,"C:\\Users\\nickz\\Downloads\\_CSC 308\\CSC 308 Project\\blog-website\\backend\\models\\TagSchema.js": {"path":"C:\\Users\\nickz\\Downloads\\_CSC 308\\CSC 308 Project\\blog-website\\backend\\models\\TagSchema.js","statementMap":{"0":{"start":{"line":1,"column":17},"end":{"line":1,"column":36}},"1":{"start":{"line":4,"column":18},"end":{"line":14,"column":4}},"2":{"start":{"line":16,"column":0},"end":{"line":16,"column":27}}},"fnMap":{},"branchMap":{},"s":{"0":1,"1":1,"2":1},"f":{},"b":{},"_coverageSchema":"1a1c01bbd47fc00a2c39e90264f33305004495a9","hash":"6b3c23ca1de7822c7c48c4cb0b7b95cef5eb5235"}
,"C:\\Users\\nickz\\Downloads\\_CSC 308\\CSC 308 Project\\blog-website\\backend\\models\\UserHandler.js": {"path":"C:\\Users\\nickz\\Downloads\\_CSC 308\\CSC 308 Project\\blog-website\\backend\\models\\UserHandler.js","statementMap":{"0":{"start":{"line":1,"column":24},"end":{"line":1,"column":52}},"1":{"start":{"line":2,"column":19},"end":{"line":2,"column":42}},"2":{"start":{"line":3,"column":23},"end":{"line":3,"column":38}},"3":{"start":{"line":5,"column":17},"end":{"line":7,"column":1}},"4":{"start":{"line":6,"column":1},"end":{"line":6,"column":17}},"5":{"start":{"line":11,"column":12},"end":{"line":11,"column":51}},"6":{"start":{"line":12,"column":19},"end":{"line":12,"column":47}},"7":{"start":{"line":13,"column":14},"end":{"line":13,"column":36}},"8":{"start":{"line":14,"column":1},"end":{"line":14,"column":15}},"9":{"start":{"line":19,"column":12},"end":{"line":19,"column":51}},"10":{"start":{"line":20,"column":19},"end":{"line":20,"column":47}},"11":{"start":{"line":22,"column":13},"end":{"line":22,"column":23}},"12":{"start":{"line":25,"column":2},"end":{"line":41,"column":2}},"13":{"start":{"line":43,"column":16},"end":{"line":43,"column":36}},"14":{"start":{"line":44,"column":1},"end":{"line":44,"column":15}},"15":{"start":{"line":49,"column":12},"end":{"line":49,"column":51}},"16":{"start":{"line":50,"column":19},"end":{"line":50,"column":47}},"17":{"start":{"line":52,"column":14},"end":{"line":52,"column":51}},"18":{"start":{"line":53,"column":1},"end":{"line":53,"column":13}},"19":{"start":{"line":58,"column":12},"end":{"line":58,"column":51}},"20":{"start":{"line":59,"column":19},"end":{"line":59,"column":47}},"21":{"start":{"line":61,"column":14},"end":{"line":63,"column":3}},"22":{"start":{"line":65,"column":1},"end":{"line":65,"column":13}},"23":{"start":{"line":70,"column":12},"end":{"line":70,"column":51}},"24":{"start":{"line":71,"column":19},"end":{"line":71,"column":47}},"25":{"start":{"line":73,"column":1},"end":{"line":73,"column":40}},"26":{"start":{"line":74,"column":1},"end":{"line":74,"column":10}},"27":{"start":{"line":79,"column":12},"end":{"line":79,"column":51}},"28":{"start":{"line":80,"column":19},"end":{"line":80,"column":47}},"29":{"start":{"line":82,"column":14},"end":{"line":82,"column":55}},"30":{"start":{"line":83,"column":1},"end":{"line":83,"column":13}},"31":{"start":{"line":86,"column":0},"end":{"line":93,"column":1}}},"fnMap":{"0":{"name":"(anonymous_0)","decl":{"start":{"line":5,"column":17},"end":{"line":5,"column":18}},"loc":{"start":{"line":5,"column":23},"end":{"line":7,"column":1}},"line":5},"1":{"name":"getAllUsers","decl":{"start":{"line":10,"column":15},"end":{"line":10,"column":26}},"loc":{"start":{"line":10,"column":29},"end":{"line":15,"column":1}},"line":10},"2":{"name":"createUser","decl":{"start":{"line":18,"column":15},"end":{"line":18,"column":25}},"loc":{"start":{"line":18,"column":32},"end":{"line":45,"column":1}},"line":18},"3":{"name":"getUserById","decl":{"start":{"line":48,"column":15},"end":{"line":48,"column":26}},"loc":{"start":{"line":48,"column":31},"end":{"line":54,"column":1}},"line":48},"4":{"name":"updateUserById","decl":{"start":{"line":57,"column":15},"end":{"line":57,"column":29}},"loc":{"start":{"line":57,"column":43},"end":{"line":66,"column":1}},"line":57},"5":{"name":"deleteUserById","decl":{"start":{"line":69,"column":15},"end":{"line":69,"column":29}},"loc":{"start":{"line":69,"column":34},"end":{"line":75,"column":1}},"line":69},"6":{"name":"getUserByEmail","decl":{"start":{"line":78,"column":15},"end":{"line":78,"column":29}},"loc":{"start":{"line":78,"column":37},"end":{"line":84,"column":1}},"line":78}},"branchMap":{},"s":{"0":1,"1":1,"2":1,"3":1,"4":4,"5":2,"6":2,"7":2,"8":2,"9":2,"10":2,"11":2,"12":2,"13":2,"14":1,"15":2,"16":2,"17":2,"18":2,"19":1,"20":1,"21":1,"22":1,"23":1,"24":1,"25":1,"26":1,"27":1,"28":1,"29":1,"30":1,"31":1},"f":{"0":4,"1":2,"2":2,"3":2,"4":1,"5":1,"6":1},"b":{},"_coverageSchema":"1a1c01bbd47fc00a2c39e90264f33305004495a9","hash":"24ccb047de155b0ef25dbf3c601af685644d787a"}
,"C:\\Users\\nickz\\Downloads\\_CSC 308\\CSC 308 Project\\blog-website\\backend\\models\\UserSchema.js": {"path":"C:\\Users\\nickz\\Downloads\\_CSC 308\\CSC 308 Project\\blog-website\\backend\\models\\UserSchema.js","statementMap":{"0":{"start":{"line":1,"column":17},"end":{"line":1,"column":36}},"1":{"start":{"line":2,"column":18},"end":{"line":2,"column":38}},"2":{"start":{"line":5,"column":19},"end":{"line":80,"column":1}},"3":{"start":{"line":45,"column":4},"end":{"line":45,"column":32}},"4":{"start":{"line":75,"column":4},"end":{"line":75,"column":19}},"5":{"start":{"line":82,"column":0},"end":{"line":82,"column":28}}},"fnMap":{"0":{"name":"(anonymous_0)","decl":{"start":{"line":44,"column":13},"end":{"line":44,"column":14}},"loc":{"start":{"line":44,"column":27},"end":{"line":46,"column":3}},"line":44},"1":{"name":"(anonymous_1)","decl":{"start":{"line":72,"column":3},"end":{"line":72,"column":4}},"loc":{"start":{"line":72,"column":23},"end":{"line":76,"column":4}},"line":72}},"branchMap":{},"s":{"0":1,"1":1,"2":1,"3":18,"4":1,"5":1},"f":{"0":18,"1":1},"b":{},"_coverageSchema":"1a1c01bbd47fc00a2c39e90264f33305004495a9","hash":"c16096b4887b924b00ac09bf3c226813454086aa"}
}
