{"/Users/plam/Desktop/blog-website/backend/models/DatabaseHandler.js": {"path":"/Users/plam/Desktop/blog-website/backend/models/DatabaseHandler.js","statementMap":{"0":{"start":{"line":1,"column":17},"end":{"line":1,"column":36}},"1":{"start":{"line":2,"column":15},"end":{"line":2,"column":32}},"2":{"start":{"line":3,"column":0},"end":{"line":3,"column":16}},"3":{"start":{"line":9,"column":2},"end":{"line":9,"column":25}},"4":{"start":{"line":10,"column":2},"end":{"line":10,"column":22}},"5":{"start":{"line":14,"column":18},"end":{"line":14,"column":42}},"6":{"start":{"line":15,"column":1},"end":{"line":20,"column":2}},"7":{"start":{"line":16,"column":2},"end":{"line":19,"column":5}},"8":{"start":{"line":21,"column":1},"end":{"line":21,"column":58}},"9":{"start":{"line":22,"column":1},"end":{"line":22,"column":21}},"10":{"start":{"line":25,"column":0},"end":{"line":28,"column":1}}},"fnMap":{"0":{"name":"setConnection","decl":{"start":{"line":8,"column":9},"end":{"line":8,"column":22}},"loc":{"start":{"line":8,"column":31},"end":{"line":11,"column":1}},"line":8},"1":{"name":"getDbConnection","decl":{"start":{"line":13,"column":9},"end":{"line":13,"column":24}},"loc":{"start":{"line":13,"column":27},"end":{"line":23,"column":1}},"line":13}},"branchMap":{"0":{"loc":{"start":{"line":15,"column":1},"end":{"line":20,"column":2}},"type":"if","locations":[{"start":{"line":15,"column":1},"end":{"line":20,"column":2}},{"start":{},"end":{}}],"line":15}},"s":{"0":1,"1":1,"2":1,"3":1,"4":1,"5":13,"6":13,"7":0,"8":13,"9":13,"10":1},"f":{"0":1,"1":13},"b":{"0":[0,13]},"_coverageSchema":"1a1c01bbd47fc00a2c39e90264f33305004495a9","hash":"5af839d69ec0095e4d623749e955114932cde4b1"}
,"/Users/plam/Desktop/blog-website/backend/models/PostHandler.js": {"path":"/Users/plam/Desktop/blog-website/backend/models/PostHandler.js","statementMap":{"0":{"start":{"line":1,"column":24},"end":{"line":1,"column":52}},"1":{"start":{"line":2,"column":19},"end":{"line":2,"column":42}},"2":{"start":{"line":4,"column":23},"end":{"line":4,"column":38}},"3":{"start":{"line":6,"column":17},"end":{"line":8,"column":1}},"4":{"start":{"line":7,"column":1},"end":{"line":7,"column":17}},"5":{"start":{"line":12,"column":12},"end":{"line":12,"column":51}},"6":{"start":{"line":13,"column":19},"end":{"line":13,"column":47}},"7":{"start":{"line":14,"column":14},"end":{"line":14,"column":36}},"8":{"start":{"line":15,"column":1},"end":{"line":15,"column":15}},"9":{"start":{"line":20,"column":12},"end":{"line":20,"column":51}},"10":{"start":{"line":21,"column":19},"end":{"line":21,"column":47}},"11":{"start":{"line":23,"column":16},"end":{"line":23,"column":37}},"12":{"start":{"line":26,"column":2},"end":{"line":41,"column":3}},"13":{"start":{"line":43,"column":16},"end":{"line":43,"column":36}},"14":{"start":{"line":45,"column":1},"end":{"line":45,"column":15}},"15":{"start":{"line":50,"column":12},"end":{"line":50,"column":51}},"16":{"start":{"line":51,"column":20},"end":{"line":51,"column":48}},"17":{"start":{"line":53,"column":14},"end":{"line":53,"column":51}},"18":{"start":{"line":54,"column":2},"end":{"line":54,"column":14}},"19":{"start":{"line":59,"column":12},"end":{"line":59,"column":51}},"20":{"start":{"line":60,"column":19},"end":{"line":60,"column":47}},"21":{"start":{"line":62,"column":14},"end":{"line":64,"column":3}},"22":{"start":{"line":66,"column":1},"end":{"line":66,"column":13}},"23":{"start":{"line":71,"column":12},"end":{"line":71,"column":51}},"24":{"start":{"line":72,"column":19},"end":{"line":72,"column":47}},"25":{"start":{"line":74,"column":1},"end":{"line":74,"column":39}},"26":{"start":{"line":75,"column":1},"end":{"line":75,"column":10}},"27":{"start":{"line":81,"column":12},"end":{"line":81,"column":51}},"28":{"start":{"line":82,"column":19},"end":{"line":82,"column":47}},"29":{"start":{"line":86,"column":1},"end":{"line":124,"column":2}},"30":{"start":{"line":87,"column":2},"end":{"line":87,"column":11}},"31":{"start":{"line":89,"column":19},"end":{"line":92,"column":3}},"32":{"start":{"line":94,"column":21},"end":{"line":97,"column":3}},"33":{"start":{"line":99,"column":2},"end":{"line":104,"column":3}},"34":{"start":{"line":100,"column":3},"end":{"line":103,"column":5}},"35":{"start":{"line":106,"column":2},"end":{"line":111,"column":3}},"36":{"start":{"line":107,"column":3},"end":{"line":110,"column":5}},"37":{"start":{"line":113,"column":22},"end":{"line":116,"column":3}},"38":{"start":{"line":118,"column":24},"end":{"line":121,"column":3}},"39":{"start":{"line":123,"column":2},"end":{"line":123,"column":38}},"40":{"start":{"line":128,"column":0},"end":{"line":135,"column":1}}},"fnMap":{"0":{"name":"(anonymous_0)","decl":{"start":{"line":6,"column":17},"end":{"line":6,"column":18}},"loc":{"start":{"line":6,"column":23},"end":{"line":8,"column":1}},"line":6},"1":{"name":"getAllPosts","decl":{"start":{"line":11,"column":15},"end":{"line":11,"column":26}},"loc":{"start":{"line":11,"column":29},"end":{"line":16,"column":1}},"line":11},"2":{"name":"createPost","decl":{"start":{"line":19,"column":15},"end":{"line":19,"column":25}},"loc":{"start":{"line":19,"column":32},"end":{"line":46,"column":1}},"line":19},"3":{"name":"getPostById","decl":{"start":{"line":49,"column":15},"end":{"line":49,"column":26}},"loc":{"start":{"line":49,"column":31},"end":{"line":55,"column":1}},"line":49},"4":{"name":"updatePostById","decl":{"start":{"line":58,"column":15},"end":{"line":58,"column":29}},"loc":{"start":{"line":58,"column":43},"end":{"line":67,"column":1}},"line":58},"5":{"name":"deletePostById","decl":{"start":{"line":70,"column":15},"end":{"line":70,"column":29}},"loc":{"start":{"line":70,"column":34},"end":{"line":76,"column":1}},"line":70},"6":{"name":"votePost","decl":{"start":{"line":80,"column":15},"end":{"line":80,"column":23}},"loc":{"start":{"line":80,"column":47},"end":{"line":126,"column":1}},"line":80}},"branchMap":{"0":{"loc":{"start":{"line":86,"column":1},"end":{"line":124,"column":2}},"type":"if","locations":[{"start":{"line":86,"column":1},"end":{"line":124,"column":2}},{"start":{"line":88,"column":8},"end":{"line":124,"column":2}}],"line":86},"1":{"loc":{"start":{"line":99,"column":2},"end":{"line":104,"column":3}},"type":"if","locations":[{"start":{"line":99,"column":2},"end":{"line":104,"column":3}},{"start":{},"end":{}}],"line":99},"2":{"loc":{"start":{"line":99,"column":6},"end":{"line":99,"column":48}},"type":"binary-expr","locations":[{"start":{"line":99,"column":6},"end":{"line":99,"column":16}},{"start":{"line":99,"column":20},"end":{"line":99,"column":48}}],"line":99},"3":{"loc":{"start":{"line":106,"column":2},"end":{"line":111,"column":3}},"type":"if","locations":[{"start":{"line":106,"column":2},"end":{"line":111,"column":3}},{"start":{},"end":{}}],"line":106},"4":{"loc":{"start":{"line":106,"column":5},"end":{"line":106,"column":50}},"type":"binary-expr","locations":[{"start":{"line":106,"column":5},"end":{"line":106,"column":16}},{"start":{"line":106,"column":20},"end":{"line":106,"column":50}}],"line":106}},"s":{"0":1,"1":1,"2":1,"3":1,"4":1,"5":3,"6":3,"7":3,"8":3,"9":1,"10":1,"11":1,"12":1,"13":1,"14":1,"15":2,"16":2,"17":2,"18":2,"19":2,"20":2,"21":2,"22":2,"23":2,"24":2,"25":2,"26":2,"27":3,"28":3,"29":3,"30":1,"31":2,"32":2,"33":2,"34":1,"35":2,"36":1,"37":2,"38":2,"39":2,"40":1},"f":{"0":1,"1":3,"2":1,"3":2,"4":2,"5":2,"6":3},"b":{"0":[1,2],"1":[1,1],"2":[2,1],"3":[1,1],"4":[2,1]},"_coverageSchema":"1a1c01bbd47fc00a2c39e90264f33305004495a9","hash":"86f061d1cc7b3bda8148c35488ee4de497a59158"}
,"/Users/plam/Desktop/blog-website/backend/models/PostSchema.js": {"path":"/Users/plam/Desktop/blog-website/backend/models/PostSchema.js","statementMap":{"0":{"start":{"line":1,"column":17},"end":{"line":1,"column":36}},"1":{"start":{"line":4,"column":19},"end":{"line":102,"column":4}},"2":{"start":{"line":15,"column":24},"end":{"line":15,"column":41}},"3":{"start":{"line":72,"column":24},"end":{"line":72,"column":41}},"4":{"start":{"line":104,"column":0},"end":{"line":104,"column":28}}},"fnMap":{"0":{"name":"(anonymous_0)","decl":{"start":{"line":15,"column":11},"end":{"line":15,"column":12}},"loc":{"start":{"line":15,"column":22},"end":{"line":15,"column":43}},"line":15},"1":{"name":"(anonymous_1)","decl":{"start":{"line":72,"column":11},"end":{"line":72,"column":12}},"loc":{"start":{"line":72,"column":22},"end":{"line":72,"column":43}},"line":72}},"branchMap":{},"s":{"0":1,"1":1,"2":35,"3":35,"4":1},"f":{"0":35,"1":35},"b":{},"_coverageSchema":"1a1c01bbd47fc00a2c39e90264f33305004495a9","hash":"6dfb5f33a1a6d8d7859359dbb31afe4b2307ef6c"}
}
