TN:
SF:models/DatabaseHandler.js
FN:8,setConnection
FN:13,getDbConnection
FNF:2
FNH:2
FNDA:1,setConnection
FNDA:13,getDbConnection
DA:1,1
DA:2,1
DA:3,1
DA:9,1
DA:10,1
DA:14,13
DA:15,13
DA:16,0
DA:21,13
DA:22,13
DA:25,1
LF:11
LH:10
BRDA:15,0,0,0
BRDA:15,0,1,13
BRF:2
BRH:1
end_of_record
TN:
SF:models/PostHandler.js
FN:6,(anonymous_0)
FN:11,getAllPosts
FN:19,createPost
FN:49,getPostById
FN:58,updatePostById
FN:70,deletePostById
FN:80,votePost
FNF:7
FNH:7
FNDA:1,(anonymous_0)
FNDA:3,getAllPosts
FNDA:1,createPost
FNDA:2,getPostById
FNDA:2,updatePostById
FNDA:2,deletePostById
FNDA:3,votePost
DA:1,1
DA:2,1
DA:4,1
DA:6,1
DA:7,1
DA:12,3
DA:13,3
DA:14,3
DA:15,3
DA:20,1
DA:21,1
DA:23,1
DA:26,1
DA:43,1
DA:45,1
DA:50,2
DA:51,2
DA:53,2
DA:54,2
DA:59,2
DA:60,2
DA:62,2
DA:66,2
DA:71,2
DA:72,2
DA:74,2
DA:75,2
DA:81,3
DA:82,3
DA:86,3
DA:87,1
DA:89,2
DA:94,2
DA:99,2
DA:100,1
DA:106,2
DA:107,1
DA:113,2
DA:118,2
DA:123,2
DA:128,1
LF:41
LH:41
BRDA:86,0,0,1
BRDA:86,0,1,2
BRDA:99,1,0,1
BRDA:99,1,1,1
BRDA:99,2,0,2
BRDA:99,2,1,1
BRDA:106,3,0,1
BRDA:106,3,1,1
BRDA:106,4,0,2
BRDA:106,4,1,1
BRF:10
BRH:10
end_of_record
TN:
SF:models/PostSchema.js
FN:15,(anonymous_0)
FN:72,(anonymous_1)
FNF:2
FNH:2
FNDA:35,(anonymous_0)
FNDA:35,(anonymous_1)
DA:1,1
DA:4,1
DA:15,35
DA:72,35
DA:104,1
LF:5
LH:5
BRF:0
BRH:0
end_of_record
