TN:
SF:models\CommentHandler.js
FN:6,(anonymous_0)
FN:11,getAllComments
FN:20,createComment
FN:43,getCommentById
FN:52,updateCommentById
FN:65,deleteCommentById
FNF:6
FNH:6
FNDA:1,(anonymous_0)
FNDA:3,getAllComments
FNDA:1,createComment
FNDA:2,getCommentById
FNDA:1,updateCommentById
FNDA:1,deleteCommentById
DA:1,1
DA:2,1
DA:3,1
DA:4,1
DA:6,1
DA:7,1
DA:12,3
DA:13,3
DA:15,3
DA:16,3
DA:21,1
DA:22,1
DA:23,1
DA:25,1
DA:28,1
DA:38,1
DA:39,1
DA:44,2
DA:45,2
DA:47,2
DA:48,2
DA:53,1
DA:54,1
DA:56,1
DA:61,1
DA:66,1
DA:67,1
DA:69,1
DA:70,1
DA:73,1
LF:30
LH:30
BRF:0
BRH:0
end_of_record
TN:
SF:models\CommentSchema.js
FN:19,(anonymous_0)
FN:23,(anonymous_1)
FNF:2
FNH:2
FNDA:11,(anonymous_0)
FNDA:11,(anonymous_1)
DA:1,1
DA:4,1
DA:19,11
DA:23,11
DA:35,1
LF:5
LH:5
BRF:0
BRH:0
end_of_record
TN:
SF:models\DatabaseHandler.js
FN:8,setConnection
FN:13,getDbConnection
FNF:2
FNH:2
FNDA:4,setConnection
FNDA:40,getDbConnection
DA:1,5
DA:2,5
DA:3,5
DA:9,4
DA:10,4
DA:14,40
DA:15,40
DA:16,1
DA:21,40
DA:22,40
DA:25,5
LF:11
LH:11
BRDA:15,0,0,1
BRDA:15,0,1,39
BRF:2
BRH:2
end_of_record
TN:
SF:models\PostHandler.js
FN:6,(anonymous_0)
FN:11,getAllPosts
FN:19,createPost
FN:49,getPostById
FN:58,updatePostById
FN:70,deletePostById
FN:80,votePost
FNF:7
FNH:7
FNDA:1,(anonymous_0)
FNDA:3,getAllPosts
FNDA:1,createPost
FNDA:2,getPostById
FNDA:2,updatePostById
FNDA:2,deletePostById
FNDA:3,votePost
DA:1,1
DA:2,1
DA:4,1
DA:6,1
DA:7,1
DA:12,3
DA:13,3
DA:14,3
DA:15,3
DA:20,1
DA:21,1
DA:23,1
DA:26,1
DA:43,1
DA:45,1
DA:50,2
DA:51,2
DA:53,2
DA:54,2
DA:59,2
DA:60,2
DA:62,2
DA:66,2
DA:71,2
DA:72,2
DA:74,2
DA:75,2
DA:81,3
DA:82,3
DA:84,3
DA:85,1
DA:87,2
DA:92,2
DA:97,2
DA:98,1
DA:104,2
DA:105,1
DA:111,2
DA:116,2
DA:121,2
DA:126,1
LF:41
LH:41
BRDA:84,0,0,1
BRDA:84,0,1,2
BRDA:97,1,0,1
BRDA:97,1,1,1
BRDA:97,2,0,2
BRDA:97,2,1,1
BRDA:104,3,0,1
BRDA:104,3,1,1
BRDA:104,4,0,2
BRDA:104,4,1,1
BRF:10
BRH:10
end_of_record
TN:
SF:models\PostSchema.js
FN:15,(anonymous_0)
FN:72,(anonymous_1)
FNF:2
FNH:2
FNDA:35,(anonymous_0)
FNDA:35,(anonymous_1)
DA:1,2
DA:4,2
DA:15,35
DA:72,35
DA:104,2
LF:5
LH:5
BRF:0
BRH:0
end_of_record
TN:
SF:models\TagHandler.js
FN:6,(anonymous_0)
FN:11,getAllTags
FN:20,createTag
FN:39,getTagById
FN:48,updateTagById
FN:60,deleteTagById
FNF:6
FNH:6
FNDA:1,(anonymous_0)
FNDA:3,getAllTags
FNDA:1,createTag
FNDA:2,getTagById
FNDA:1,updateTagById
FNDA:1,deleteTagById
DA:1,1
DA:2,1
DA:4,1
DA:6,1
DA:7,1
DA:12,3
DA:13,3
DA:15,3
DA:16,3
DA:21,1
DA:22,1
DA:24,1
DA:27,1
DA:34,1
DA:35,1
DA:40,2
DA:41,2
DA:43,2
DA:44,2
DA:49,1
DA:50,1
DA:52,1
DA:56,1
DA:61,1
DA:62,1
DA:64,1
DA:65,1
DA:68,1
LF:28
LH:28
BRF:0
BRH:0
end_of_record
TN:
SF:models\TagSchema.js
FNF:0
FNH:0
DA:1,1
DA:4,1
DA:16,1
LF:3
LH:3
BRF:0
BRH:0
end_of_record
TN:
SF:models\UserHandler.js
FN:5,(anonymous_0)
FN:10,getAllUsers
FN:18,createUser
FN:48,getUserById
FN:57,updateUserById
FN:69,deleteUserById
FN:78,getUserByEmail
FNF:7
FNH:7
FNDA:4,(anonymous_0)
FNDA:3,getAllUsers
FNDA:2,createUser
FNDA:2,getUserById
FNDA:1,updateUserById
FNDA:1,deleteUserById
FNDA:1,getUserByEmail
DA:1,2
DA:2,2
DA:3,2
DA:5,2
DA:6,4
DA:11,3
DA:12,3
DA:13,3
DA:14,3
DA:19,2
DA:20,2
DA:22,2
DA:25,2
DA:43,2
DA:44,1
DA:49,2
DA:50,2
DA:52,2
DA:53,2
DA:58,1
DA:59,1
DA:61,1
DA:65,1
DA:70,1
DA:71,1
DA:73,1
DA:74,1
DA:79,1
DA:80,1
DA:82,1
DA:83,1
DA:86,2
LF:32
LH:32
BRF:0
BRH:0
end_of_record
TN:
SF:models\UserSchema.js
FN:44,(anonymous_0)
FN:72,(anonymous_1)
FNF:2
FNH:2
FNDA:18,(anonymous_0)
FNDA:1,(anonymous_1)
DA:1,2
DA:2,2
DA:5,2
DA:45,18
DA:75,1
DA:82,2
LF:6
LH:6
BRF:0
BRH:0
end_of_record
